<?xml version="1.0" encoding="UTF-8"?>
<Site BuildName="(empty)"
	BuildStamp="20230611-2249-Experimental"
	Name="thien-MS-7C71"
	Generator="ctest-3.10.2"
	CompilerName="/usr/bin/g++"
	CompilerVersion="7.5.0"
	OSName="Linux"
	Hostname="thien-MS-7C71"
	OSRelease="5.4.0-84-generic"
	OSVersion="#94~18.04.1-Ubuntu SMP Thu Aug 26 23:17:46 UTC 2021"
	OSPlatform="x86_64"
	Is64Bits="1"
	VendorString="GenuineIntel"
	VendorID="Intel Corporation"
	FamilyID="6"
	ModelID="165"
	ProcessorCacheSize="16384"
	NumberOfLogicalCPU="16"
	NumberOfPhysicalCPU="8"
	TotalVirtualMemory="2047"
	TotalPhysicalMemory="32028"
	LogicalProcessorsPerPhysical="2"
	ProcessorClockFrequency="4599.99"
	>
	<Testing>
		<StartDateTime>Jun 12 08:49 AEST</StartDateTime>
		<StartTestTime>1686523793</StartTestTime>
		<TestList/>
		<EndDateTime>Jun 12 08:49 AEST</EndDateTime>
		<EndTestTime>1686523793</EndTestTime>
		<ElapsedMinutes>0</ElapsedMinutes>
	</Testing>
</Site>
